\BOOKMARK [0][]{toc.0}{Contents}{}% 1
\BOOKMARK [0][]{chapter.1}{1 Introduction \(draft\)}{}% 2
\BOOKMARK [0][]{chapter.2}{2 Related Work}{}% 3
\BOOKMARK [1][]{section.2.1}{2.1 Analytical techniques}{chapter.2}% 4
\BOOKMARK [2][]{subsection.2.1.1}{2.1.1 Models}{section.2.1}% 5
\BOOKMARK [2][]{subsection.2.1.2}{2.1.2 Implementations}{section.2.1}% 6
\BOOKMARK [1][]{section.2.2}{2.2 Numerical techniques}{chapter.2}% 7
\BOOKMARK [0][]{chapter.3}{3 Theory}{}% 8
\BOOKMARK [1][]{section.3.1}{3.1 Light and Radiometry}{chapter.3}% 9
\BOOKMARK [1][]{section.3.2}{3.2 Radiometric quantities}{chapter.3}% 10
\BOOKMARK [2][]{subsection.3.2.1}{3.2.1 Radiant flux}{section.3.2}% 11
\BOOKMARK [2][]{subsection.3.2.2}{3.2.2 Radiant energy}{section.3.2}% 12
\BOOKMARK [2][]{subsection.3.2.3}{3.2.3 Irradiance}{section.3.2}% 13
\BOOKMARK [2][]{subsection.3.2.4}{3.2.4 Intensity}{section.3.2}% 14
\BOOKMARK [2][]{subsection.3.2.5}{3.2.5 Radiance}{section.3.2}% 15
\BOOKMARK [0][]{chapter.4}{4 Implementation}{}% 16
\BOOKMARK [1][]{section.4.1}{4.1 Requirements}{chapter.4}% 17
\BOOKMARK [1][]{section.4.2}{4.2 Algorithm overview}{chapter.4}% 18
\BOOKMARK [1][]{section.4.3}{4.3 Implementation details}{chapter.4}% 19
\BOOKMARK [1][]{section.4.4}{4.4 Artifacts}{chapter.4}% 20
\BOOKMARK [2][]{subsection.4.4.1}{4.4.1 Incorrect sampling of the G-buffer}{section.4.4}% 21
\BOOKMARK [2][]{subsection.4.4.2}{4.4.2 Incorrect sampling of the cubemap}{section.4.4}% 22
\BOOKMARK [2][]{subsection.4.4.3}{4.4.3 Shadow bias}{section.4.4}% 23
\BOOKMARK [0][]{chapter.5}{5 Results}{}% 24
\BOOKMARK [0][]{chapter.5}{Bibliography}{}% 25
